#
# A fatal error has been detected by the Java Runtime Environment:
#
#  EXCEPTION_ACCESS_VIOLATION (0xc0000005) at pc=0x0000000072ff3b57, pid=16984, tid=0x0000000000004628
#
# JRE version: Java(TM) SE Runtime Environment (8.0_121-b13) (build 1.8.0_121-b13)
# Java VM: Java HotSpot(TM) 64-Bit Server VM (25.121-b13 mixed mode windows-amd64 compressed oops)
# Problematic frame:
# V  [jvm.dll+0x213b57]
#
# Failed to write core dump. Minidumps are not enabled by default on client versions of Windows
#
# If you would like to submit a bug report, please visit:
#   http://bugreport.java.com/bugreport/crash.jsp
#

---------------  T H R E A D  ---------------

Current thread (0x0000000019293800):  JavaThread "Signal Dispatcher" daemon [_thread_in_vm, id=17960, stack(0x0000000019650000,0x0000000019750000)]

siginfo: ExceptionCode=0xc0000005, writing address 0x0000000019748f70

Registers:
RAX=0x0000000019748f70, RBX=0x0000000000000007, RCX=0x0000000000006000, RDX=0x0000000000000006
RSP=0x000000001974ef70, RBP=0x0000000000000000, RSI=0x000000001974ef70, RDI=0x0000000000000007
R8 =0x0000000000000006, R9 =0x00000000033bb220, R10=0x000000001756d588, R11=0x000000001965a150
R12=0x00000000033bb220, R13=0x0000000019293800, R14=0x000000001974f038, R15=0x000000001756d588
RIP=0x0000000072ff3b57, EFLAGS=0x0000000000010202

Top of Stack: (sp=0x000000001974ef70)
0x000000001974ef70:   000000000000037f 000000000129a840
0x000000001974ef80:   0000000019293800 00000000033bb220
0x000000001974ef90:   00000000ffffffff 0000000072ff4a87
0x000000001974efa0:   000000001974f0a0 000000001756d588
0x000000001974efb0:   0000000019293800 0000000072ea0923
0x000000001974efc0:   000000001974f000 0000000019293800
0x000000001974efd0:   000000001974f090 0000000019293800
0x000000001974efe0:   000000001756d588 0000000019293800
0x000000001974eff0:   00000000033d3200 0000000019293800
0x000000001974f000:   000000001756d588 0000000019293800
0x000000001974f010:   000000001756d588 0000000019293800
0x000000001974f020:   0000000000000001 000000001756d588
0x000000001974f030:   0000000019293800 0000000019293c00
0x000000001974f040:   0000000019293800 0000000072ea1e0d
0x000000001974f050:   000000001974f460 00000001000069a0
0x000000001974f060:   00000001000069a0 00007ffa64e9c4bf 

Instructions: (pc=0x0000000072ff3b57)
0x0000000072ff3b37:   48 89 6c 24 30 33 ed 66 90 e8 2b 3b 08 00 ff c3
0x0000000072ff3b47:   48 63 c8 48 8b c6 48 0f af cf 48 ff c7 48 2b c1
0x0000000072ff3b57:   89 28 48 63 c3 48 3b 05 75 1b 59 00 7e db 48 8b
0x0000000072ff3b67:   6c 24 30 48 8b 5c 24 38 48 8b 74 24 40 48 83 c4 


Register to memory mapping:

RAX=0x0000000019748f70 is pointing into the stack for thread: 0x0000000019293800
RBX=0x0000000000000007 is an unknown value
RCX=0x0000000000006000 is an unknown value
RDX=0x0000000000000006 is an unknown value
RSP=0x000000001974ef70 is pointing into the stack for thread: 0x0000000019293800
RBP=0x0000000000000000 is an unknown value
RSI=0x000000001974ef70 is pointing into the stack for thread: 0x0000000019293800
RDI=0x0000000000000007 is an unknown value
R8 =0x0000000000000006 is an unknown value
R9 =0x00000000033bb220 is an unknown value
R10={method} {0x000000001756d590} 'exit' '()V' in 'java/lang/Thread'
R11=0x000000001965a150 is pointing into the stack for thread: 0x0000000019293800
R12=0x00000000033bb220 is an unknown value
R13=0x0000000019293800 is a thread
R14=0x000000001974f038 is pointing into the stack for thread: 0x0000000019293800
R15={method} {0x000000001756d590} 'exit' '()V' in 'java/lang/Thread'


Stack: [0x0000000019650000,0x0000000019750000],  sp=0x000000001974ef70,  free space=1019k
Native frames: (J=compiled Java code, j=interpreted, Vv=VM code, C=native code)


---------------  P R O C E S S  ---------------

Java Threads: ( => current thread )
  0x000000001b4bf000 JavaThread "JMX server connection timeout 32" daemon [_thread_blocked, id=8768, stack(0x000000001d7d0000,0x000000001d8d0000)]
  0x000000001b4bd800 JavaThread "RMI Scheduler(0)" daemon [_thread_blocked, id=7300, stack(0x000000001d0d0000,0x000000001d1d0000)]
  0x000000001b4ba000 JavaThread "RMI TCP Connection(1)-192.168.1.1" daemon [_thread_in_native, id=928, stack(0x000000001cfd0000,0x000000001d0d0000)]
  0x000000001b4b5000 JavaThread "ObjectCleanerThread" daemon [_thread_blocked, id=6852, stack(0x000000001ced0000,0x000000001cfd0000)]
  0x000000001b4ae000 JavaThread "reactor-http-nio-4" daemon [_thread_in_native, id=16620, stack(0x000000001cdd0000,0x000000001ced0000)]
  0x000000001b4ad800 JavaThread "reactor-http-nio-3" daemon [_thread_in_native, id=1556, stack(0x000000001ccd0000,0x000000001cdd0000)]
  0x000000001b48c000 JavaThread "reactor-http-nio-2" daemon [_thread_in_native, id=15060, stack(0x000000001cbd0000,0x000000001ccd0000)]
  0x000000001b48b800 JavaThread "reactor-http-nio-1" daemon [_thread_in_native, id=11648, stack(0x000000001cad0000,0x000000001cbd0000)]
  0x000000001a038800 JavaThread "AsyncAppender-Worker-ASYNC" daemon [_thread_blocked, id=6492, stack(0x000000001aa00000,0x000000001ab00000)]
  0x0000000019bc1800 JavaThread "RMI TCP Accept-0" daemon [_thread_in_native, id=14272, stack(0x000000001a550000,0x000000001a650000)]
  0x0000000019964800 JavaThread "Service Thread" daemon [_thread_blocked, id=11304, stack(0x000000001a450000,0x000000001a550000)]
  0x0000000019956800 JavaThread "C1 CompilerThread2" daemon [_thread_blocked, id=10692, stack(0x000000001a350000,0x000000001a450000)]
  0x00000000198fe800 JavaThread "C2 CompilerThread1" daemon [_thread_blocked, id=16548, stack(0x000000001a250000,0x000000001a350000)]
  0x00000000198fb800 JavaThread "C2 CompilerThread0" daemon [_thread_blocked, id=3332, stack(0x000000001a150000,0x000000001a250000)]
  0x00000000198f7000 JavaThread "Monitor Ctrl-Break" daemon [_thread_in_native, id=10416, stack(0x000000001a050000,0x000000001a150000)]
  0x0000000017f05800 JavaThread "Attach Listener" daemon [_thread_blocked, id=17468, stack(0x0000000019750000,0x0000000019850000)]
=>0x0000000019293800 JavaThread "Signal Dispatcher" daemon [_thread_in_vm, id=17960, stack(0x0000000019650000,0x0000000019750000)]
  0x0000000017ec9800 JavaThread "Finalizer" daemon [_thread_blocked, id=9364, stack(0x0000000019150000,0x0000000019250000)]
  0x00000000033b6000 JavaThread "Reference Handler" daemon [_thread_blocked, id=16348, stack(0x0000000019050000,0x0000000019150000)]

Other Threads:
  0x0000000017ea7800 VMThread [stack: 0x0000000018f50000,0x0000000019050000] [id=12604]

VM state:synchronizing (normal execution)

VM Mutex/Monitor currently owned by a thread:  ([mutex/lock_event])
[0x0000000000f1d290] Threads_lock - owner thread: 0x0000000017ea7800
[0x00000000032c44a0] Heap_lock - owner thread: 0x000000001b4b9000

Heap:
 PSYoungGen      total 126976K, used 8606K [0x00000000d5f80000, 0x00000000de500000, 0x0000000100000000)
  eden space 117248K, 7% used [0x00000000d5f80000,0x00000000d67e7a40,0x00000000dd200000)
  from space 9728K, 0% used [0x00000000dd200000,0x00000000dd200000,0x00000000ddb80000)
  to   space 6656K, 0% used [0x00000000dde80000,0x00000000dde80000,0x00000000de500000)
 ParOldGen       total 54272K, used 13502K [0x0000000081e00000, 0x0000000085300000, 0x00000000d5f80000)
  object space 54272K, 24% used [0x0000000081e00000,0x0000000082b2fba0,0x0000000085300000)
 Metaspace       used 30353K, capacity 31694K, committed 32048K, reserved 1079296K
  class space    used 4070K, capacity 4359K, committed 4400K, reserved 1048576K

Card table byte_map: [0x0000000012780000,0x0000000012b80000] byte_map_base: 0x0000000012371000

Marking Bits: (ParMarkBitMap*) 0x00000000735fb6d0
 Begin Bits: [0x0000000013230000, 0x00000000151b8000)
 End Bits:   [0x00000000151b8000, 0x0000000017140000)

Polling page: 0x0000000000ed0000

CodeCache: size=245760Kb used=6591Kb max_used=6591Kb free=239168Kb
 bounds [0x00000000033c0000, 0x0000000003a30000, 0x00000000123c0000]
 total_blobs=3547 nmethods=3115 adapters=343
 compilation: disabled (not enough contiguous free space left)

Compilation events (10 events):
Event: 15.243 Thread 0x0000000019956800 3112       1       java.util.WeakHashMap::getEntry (72 bytes)
Event: 15.244 Thread 0x0000000019956800 nmethod 3112 0x0000000003a2dc50 code [0x0000000003a2dde0, 0x0000000003a2e048]
Event: 15.244 Thread 0x0000000019956800 3111       1       java.util.WeakHashMap::containsKey (14 bytes)
Event: 15.244 Thread 0x0000000019956800 nmethod 3111 0x0000000003a2e210 code [0x0000000003a2e360, 0x0000000003a2e4a8]
Event: 15.247 Thread 0x0000000019956800 3113       1       java.util.Arrays::fill (21 bytes)
Event: 15.247 Thread 0x0000000019956800 nmethod 3113 0x0000000003a2e510 code [0x0000000003a2e660, 0x0000000003a2e770]
Event: 15.247 Thread 0x0000000019956800 3114   !   1       java.io.ObjectOutputStream::writeOrdinaryObject (175 bytes)
Event: 15.248 Thread 0x0000000019956800 nmethod 3114 0x0000000003a2e810 code [0x0000000003a2ea20, 0x0000000003a2f008]
Event: 15.248 Thread 0x0000000019956800 3115       1       java.io.ObjectStreamClass::checkSerialize (20 bytes)
Event: 15.249 Thread 0x0000000019956800 nmethod 3115 0x0000000003a2f990 code [0x0000000003a2fb00, 0x0000000003a2fd58]

GC Heap History (10 events):
Event: 16.537 GC heap before
{Heap before GC invocations=27 (full 10):
 PSYoungGen      total 126976K, used 0K [0x00000000d5f80000, 0x00000000de500000, 0x0000000100000000)
  eden space 117248K, 0% used [0x00000000d5f80000,0x00000000d5f80000,0x00000000dd200000)
  from space 9728K, 0% used [0x00000000dd200000,0x00000000dd200000,0x00000000ddb80000)
  to   space 6656K, 0% used [0x00000000dde80000,0x00000000dde80000,0x00000000de500000)
 ParOldGen       total 54272K, used 13495K [0x0000000081e00000, 0x0000000085300000, 0x00000000d5f80000)
  object space 54272K, 24% used [0x0000000081e00000,0x0000000082b2de50,0x0000000085300000)
 Metaspace       used 30167K, capacity 31358K, committed 31792K, reserved 1083392K
  class space    used 4037K, capacity 4305K, committed 4400K, reserved 1048576K
Event: 16.596 GC heap after
Heap after GC invocations=27 (full 10):
 PSYoungGen      total 126976K, used 0K [0x00000000d5f80000, 0x00000000de500000, 0x0000000100000000)
  eden space 117248K, 0% used [0x00000000d5f80000,0x00000000d5f80000,0x00000000dd200000)
  from space 9728K, 0% used [0x00000000dd200000,0x00000000dd200000,0x00000000ddb80000)
  to   space 6656K, 0% used [0x00000000dde80000,0x00000000dde80000,0x00000000de500000)
 ParOldGen       total 54272K, used 13493K [0x0000000081e00000, 0x0000000085300000, 0x00000000d5f80000)
  object space 54272K, 24% used [0x0000000081e00000,0x0000000082b2d768,0x0000000085300000)
 Metaspace       used 30167K, capacity 31358K, committed 31792K, reserved 1079296K
  class space    used 4037K, capacity 4305K, committed 4400K, reserved 1048576K
}
Event: 16.597 GC heap before
{Heap before GC invocations=28 (full 10):
 PSYoungGen      total 126976K, used 3666K [0x00000000d5f80000, 0x00000000de500000, 0x0000000100000000)
  eden space 117248K, 3% used [0x00000000d5f80000,0x00000000d6314a30,0x00000000dd200000)
  from space 9728K, 0% used [0x00000000dd200000,0x00000000dd200000,0x00000000ddb80000)
  to   space 6656K, 0% used [0x00000000dde80000,0x00000000dde80000,0x00000000de500000)
 ParOldGen       total 54272K, used 13493K [0x0000000081e00000, 0x0000000085300000, 0x00000000d5f80000)
  object space 54272K, 24% used [0x0000000081e00000,0x0000000082b2d768,0x0000000085300000)
 Metaspace       used 30171K, capacity 31364K, committed 31792K, reserved 1085440K
  class space    used 4037K, capacity 4306K, committed 4400K, reserved 1048576K
Event: 16.599 GC heap after
Heap after GC invocations=28 (full 10):
 PSYoungGen      total 123904K, used 128K [0x00000000d5f80000, 0x00000000de500000, 0x0000000100000000)
  eden space 117248K, 0% used [0x00000000d5f80000,0x00000000d5f80000,0x00000000dd200000)
  from space 6656K, 1% used [0x00000000dde80000,0x00000000ddea0000,0x00000000de500000)
  to   space 9728K, 0% used [0x00000000dd200000,0x00000000dd200000,0x00000000ddb80000)
 ParOldGen       total 54272K, used 13493K [0x0000000081e00000, 0x0000000085300000, 0x00000000d5f80000)
  object space 54272K, 24% used [0x0000000081e00000,0x0000000082b2d768,0x0000000085300000)
 Metaspace       used 30171K, capacity 31364K, committed 31792K, reserved 1085440K
  class space    used 4037K, capacity 4306K, committed 4400K, reserved 1048576K
}
Event: 16.599 GC heap before
{Heap before GC invocations=29 (full 11):
 PSYoungGen      total 123904K, used 128K [0x00000000d5f80000, 0x00000000de500000, 0x0000000100000000)
  eden space 117248K, 0% used [0x00000000d5f80000,0x00000000d5f80000,0x00000000dd200000)
  from space 6656K, 1% used [0x00000000dde80000,0x00000000ddea0000,0x00000000de500000)
  to   space 9728K, 0% used [0x00000000dd200000,0x00000000dd200000,0x00000000ddb80000)
 ParOldGen       total 54272K, used 13493K [0x0000000081e00000, 0x0000000085300000, 0x00000000d5f80000)
  object space 54272K, 24% used [0x0000000081e00000,0x0000000082b2d768,0x0000000085300000)
 Metaspace       used 30171K, capacity 31364K, committed 31792K, reserved 1085440K
  class space    used 4037K, capacity 4306K, committed 4400K, reserved 1048576K
Event: 16.677 GC heap after
Heap after GC invocations=29 (full 11):
 PSYoungGen      total 123904K, used 0K [0x00000000d5f80000, 0x00000000de500000, 0x0000000100000000)
  eden space 117248K, 0% used [0x00000000d5f80000,0x00000000d5f80000,0x00000000dd200000)
  from space 6656K, 0% used [0x00000000dde80000,0x00000000dde80000,0x00000000de500000)
  to   space 9728K, 0% used [0x00000000dd200000,0x00000000dd200000,0x00000000ddb80000)
 ParOldGen       total 54272K, used 13504K [0x0000000081e00000, 0x0000000085300000, 0x00000000d5f80000)
  object space 54272K, 24% used [0x0000000081e00000,0x0000000082b301c0,0x0000000085300000)
 Metaspace       used 30171K, capacity 31364K, committed 31792K, reserved 1079296K
  class space    used 4037K, capacity 4306K, committed 4400K, reserved 1048576K
}
Event: 16.678 GC heap before
{Heap before GC invocations=30 (full 11):
 PSYoungGen      total 123904K, used 0K [0x00000000d5f80000, 0x00000000de500000, 0x0000000100000000)
  eden space 117248K, 0% used [0x00000000d5f80000,0x00000000d5f80000,0x00000000dd200000)
  from space 6656K, 0% used [0x00000000dde80000,0x00000000dde80000,0x00000000de500000)
  to   space 9728K, 0% used [0x00000000dd200000,0x00000000dd200000,0x00000000ddb80000)
 ParOldGen       total 54272K, used 13504K [0x0000000081e00000, 0x0000000085300000, 0x00000000d5f80000)
  object space 54272K, 24% used [0x0000000081e00000,0x0000000082b301c0,0x0000000085300000)
 Metaspace       used 30171K, capacity 31364K, committed 31792K, reserved 1083392K
  class space    used 4037K, capacity 4306K, committed 4400K, reserved 1048576K
Event: 16.680 GC heap after
Heap after GC invocations=30 (full 11):
 PSYoungGen      total 126976K, used 0K [0x00000000d5f80000, 0x00000000de500000, 0x0000000100000000)
  eden space 117248K, 0% used [0x00000000d5f80000,0x00000000d5f80000,0x00000000dd200000)
  from space 9728K, 0% used [0x00000000dd200000,0x00000000dd200000,0x00000000ddb80000)
  to   space 6656K, 0% used [0x00000000dde80000,0x00000000dde80000,0x00000000de500000)
 ParOldGen       total 54272K, used 13504K [0x0000000081e00000, 0x0000000085300000, 0x00000000d5f80000)
  object space 54272K, 24% used [0x0000000081e00000,0x0000000082b301c0,0x0000000085300000)
 Metaspace       used 30171K, capacity 31364K, committed 31792K, reserved 1083392K
  class space    used 4037K, capacity 4306K, committed 4400K, reserved 1048576K
}
Event: 16.680 GC heap before
{Heap before GC invocations=31 (full 12):
 PSYoungGen      total 126976K, used 0K [0x00000000d5f80000, 0x00000000de500000, 0x0000000100000000)
  eden space 117248K, 0% used [0x00000000d5f80000,0x00000000d5f80000,0x00000000dd200000)
  from space 9728K, 0% used [0x00000000dd200000,0x00000000dd200000,0x00000000ddb80000)
  to   space 6656K, 0% used [0x00000000dde80000,0x00000000dde80000,0x00000000de500000)
 ParOldGen       total 54272K, used 13504K [0x0000000081e00000, 0x0000000085300000, 0x00000000d5f80000)
  object space 54272K, 24% used [0x0000000081e00000,0x0000000082b301c0,0x0000000085300000)
 Metaspace       used 30171K, capacity 31364K, committed 31792K, reserved 1083392K
  class space    used 4037K, capacity 4306K, committed 4400K, reserved 1048576K
Event: 16.742 GC heap after
Heap after GC invocations=31 (full 12):
 PSYoungGen      total 126976K, used 0K [0x00000000d5f80000, 0x00000000de500000, 0x0000000100000000)
  eden space 117248K, 0% used [0x00000000d5f80000,0x00000000d5f80000,0x00000000dd200000)
  from space 9728K, 0% used [0x00000000dd200000,0x00000000dd200000,0x00000000ddb80000)
  to   space 6656K, 0% used [0x00000000dde80000,0x00000000dde80000,0x00000000de500000)
 ParOldGen       total 54272K, used 13502K [0x0000000081e00000, 0x0000000085300000, 0x00000000d5f80000)
  object space 54272K, 24% used [0x0000000081e00000,0x0000000082b2fba0,0x0000000085300000)
 Metaspace       used 30171K, capacity 31364K, committed 31792K, reserved 1079296K
  class space    used 4037K, capacity 4306K, committed 4400K, reserved 1048576K
}

Deoptimization events (0 events):
No events

Internal exceptions (10 events):
Event: 16.830 Thread 0x00000000032c6800 Exception <a 'java/lang/ArrayIndexOutOfBoundsException'> (0x00000000d656e938) thrown at [C:\re\workspace\8-2-build-windows-amd64-cygwin\jdk8u121\8372\hotspot\src\share\vm\runtime\sharedRuntime.cpp, line 605]
Event: 16.830 Thread 0x00000000032c6800 Exception <a 'java/lang/ArrayIndexOutOfBoundsException'> (0x00000000d657ccb0) thrown at [C:\re\workspace\8-2-build-windows-amd64-cygwin\jdk8u121\8372\hotspot\src\share\vm\runtime\sharedRuntime.cpp, line 605]
Event: 16.832 Thread 0x00000000032c6800 Exception <a 'java/lang/ArrayIndexOutOfBoundsException'> (0x00000000d65a9648) thrown at [C:\re\workspace\8-2-build-windows-amd64-cygwin\jdk8u121\8372\hotspot\src\share\vm\runtime\sharedRuntime.cpp, line 605]
Event: 16.832 Thread 0x00000000032c6800 Exception <a 'java/lang/ArrayIndexOutOfBoundsException'> (0x00000000d65abb88) thrown at [C:\re\workspace\8-2-build-windows-amd64-cygwin\jdk8u121\8372\hotspot\src\share\vm\runtime\sharedRuntime.cpp, line 605]
Event: 16.833 Thread 0x00000000032c6800 Exception <a 'java/lang/ArrayIndexOutOfBoundsException'> (0x00000000d65c0a18) thrown at [C:\re\workspace\8-2-build-windows-amd64-cygwin\jdk8u121\8372\hotspot\src\share\vm\runtime\sharedRuntime.cpp, line 605]
Event: 16.833 Thread 0x00000000032c6800 Exception <a 'java/lang/ArrayIndexOutOfBoundsException'> (0x00000000d65c33d0) thrown at [C:\re\workspace\8-2-build-windows-amd64-cygwin\jdk8u121\8372\hotspot\src\share\vm\runtime\sharedRuntime.cpp, line 605]
Event: 16.834 Thread 0x00000000032c6800 Exception <a 'java/lang/ArrayIndexOutOfBoundsException'> (0x00000000d65d7e60) thrown at [C:\re\workspace\8-2-build-windows-amd64-cygwin\jdk8u121\8372\hotspot\src\share\vm\runtime\sharedRuntime.cpp, line 605]
Event: 16.836 Thread 0x00000000032c6800 Exception <a 'java/lang/ArrayIndexOutOfBoundsException'> (0x00000000d6607838) thrown at [C:\re\workspace\8-2-build-windows-amd64-cygwin\jdk8u121\8372\hotspot\src\share\vm\runtime\sharedRuntime.cpp, line 605]
Event: 16.849 Thread 0x00000000032c6800 Exception <a 'java/lang/OutOfMemoryError'> (0x00000000d66332a0) thrown at [C:\re\workspace\8-2-build-windows-amd64-cygwin\jdk8u121\8372\hotspot\src\share\vm\prims\jni.cpp, line 735]
Event: 16.855 Thread 0x000000001b4b9000 Exception <a 'java/lang/OutOfMemoryError': unable to create new native thread> (0x00000000d67249d0) thrown at [C:\re\workspace\8-2-build-windows-amd64-cygwin\jdk8u121\8372\hotspot\src\share\vm\prims\jvm.cpp, line 3033]

Events (10 events):
Event: 16.847 loading class org/springframework/boot/diagnostics/FailureAnalysisReporter done
Event: 16.852 loading class org/springframework/boot/SpringBootExceptionHandler
Event: 16.852 loading class org/springframework/boot/SpringBootExceptionHandler done
Event: 16.853 loading class org/springframework/boot/SpringBootExceptionHandler$LoggedExceptionHandlerThreadLocal
Event: 16.853 loading class org/springframework/boot/SpringBootExceptionHandler$LoggedExceptionHandlerThreadLocal done
Event: 16.854 Thread 0x00000000032c6800 Thread exited: 0x00000000032c6800
Event: 16.854 Thread 0x000000001b4b9000 Thread added: 0x000000001b4b9000
Event: 16.854 loading class java/util/IdentityHashMap$KeyIterator
Event: 16.854 loading class java/util/IdentityHashMap$KeyIterator done
Event: 16.855 Thread 0x000000001b4b9000 Thread exited: 0x000000001b4b9000


Dynamic libraries:
0x00007ff608410000 - 0x00007ff608447000 	C:\Program Files\Java\jdk1.8.0_121\bin\java.exe
0x00007ffa64e60000 - 0x00007ffa65050000 	C:\WINDOWS\SYSTEM32\ntdll.dll
0x00007ffa63fa0000 - 0x00007ffa64052000 	C:\WINDOWS\System32\KERNEL32.DLL
0x00007ffa62c10000 - 0x00007ffa62eb3000 	C:\WINDOWS\System32\KERNELBASE.dll
0x00007ffa64750000 - 0x00007ffa647f3000 	C:\WINDOWS\System32\ADVAPI32.dll
0x00007ffa637d0000 - 0x00007ffa6386e000 	C:\WINDOWS\System32\msvcrt.dll
0x00007ffa63730000 - 0x00007ffa637c7000 	C:\WINDOWS\System32\sechost.dll
0x00007ffa649c0000 - 0x00007ffa64ae0000 	C:\WINDOWS\System32\RPCRT4.dll
0x00007ffa63c80000 - 0x00007ffa63e14000 	C:\WINDOWS\System32\USER32.dll
0x00007ffa62ec0000 - 0x00007ffa62ee1000 	C:\WINDOWS\System32\win32u.dll
0x00007ffa64820000 - 0x00007ffa64846000 	C:\WINDOWS\System32\GDI32.dll
0x00007ffa621d0000 - 0x00007ffa62364000 	C:\WINDOWS\System32\gdi32full.dll
0x00007ffa62370000 - 0x00007ffa6240e000 	C:\WINDOWS\System32\msvcp_win.dll
0x00007ffa61df0000 - 0x00007ffa61eea000 	C:\WINDOWS\System32\ucrtbase.dll
0x00007ffa52500000 - 0x00007ffa52785000 	C:\WINDOWS\WinSxS\amd64_microsoft.windows.common-controls_6595b64144ccf1df_6.0.18362.418_none_e6c6b287130d565d\COMCTL32.dll
0x00007ffa64ae0000 - 0x00007ffa64e16000 	C:\WINDOWS\System32\combase.dll
0x00007ffa61f50000 - 0x00007ffa61fd0000 	C:\WINDOWS\System32\bcryptPrimitives.dll
0x00007ffa64980000 - 0x00007ffa649ae000 	C:\WINDOWS\System32\IMM32.DLL
0x0000000073680000 - 0x0000000073752000 	C:\Program Files\Java\jdk1.8.0_121\jre\bin\msvcr100.dll
0x0000000072de0000 - 0x000000007367b000 	C:\Program Files\Java\jdk1.8.0_121\jre\bin\server\jvm.dll
0x00007ffa62f10000 - 0x00007ffa62f18000 	C:\WINDOWS\System32\PSAPI.DLL
0x00007ffa53100000 - 0x00007ffa53109000 	C:\WINDOWS\SYSTEM32\WSOCK32.dll
0x00007ffa638f0000 - 0x00007ffa6395f000 	C:\WINDOWS\System32\WS2_32.dll
0x00007ffa5df00000 - 0x00007ffa5df24000 	C:\WINDOWS\SYSTEM32\WINMM.dll
0x00007ffa4f890000 - 0x00007ffa4f89a000 	C:\WINDOWS\SYSTEM32\VERSION.dll
0x00007ffa5ded0000 - 0x00007ffa5defd000 	C:\WINDOWS\SYSTEM32\winmmbase.dll
0x00007ffa62bc0000 - 0x00007ffa62c0a000 	C:\WINDOWS\System32\cfgmgr32.dll
0x00000000752a0000 - 0x00000000752af000 	C:\Program Files\Java\jdk1.8.0_121\jre\bin\verify.dll
0x0000000072db0000 - 0x0000000072dd9000 	C:\Program Files\Java\jdk1.8.0_121\jre\bin\java.dll
0x0000000072ce0000 - 0x0000000072d03000 	C:\Program Files\Java\jdk1.8.0_121\jre\bin\instrument.dll
0x0000000072d90000 - 0x0000000072da6000 	C:\Program Files\Java\jdk1.8.0_121\jre\bin\zip.dll
0x00007ffa64060000 - 0x00007ffa64745000 	C:\WINDOWS\System32\SHELL32.dll
0x00007ffa63210000 - 0x00007ffa632b9000 	C:\WINDOWS\System32\shcore.dll
0x00007ffa62440000 - 0x00007ffa62bbf000 	C:\WINDOWS\System32\windows.storage.dll
0x00007ffa61db0000 - 0x00007ffa61dcf000 	C:\WINDOWS\System32\profapi.dll
0x00007ffa61d40000 - 0x00007ffa61d8a000 	C:\WINDOWS\System32\powrprof.dll
0x00007ffa61d30000 - 0x00007ffa61d40000 	C:\WINDOWS\System32\UMPDC.dll
0x00007ffa64920000 - 0x00007ffa64972000 	C:\WINDOWS\System32\shlwapi.dll
0x00007ffa61d90000 - 0x00007ffa61da1000 	C:\WINDOWS\System32\kernel.appcore.dll
0x00007ffa62ef0000 - 0x00007ffa62f07000 	C:\WINDOWS\System32\cryptsp.dll
0x00007ffa471c0000 - 0x00007ffa471da000 	D:\intelljIdea\IntelliJ IDEA 2019.1.2\bin\breakgen64.dll
0x0000000072d40000 - 0x0000000072d5a000 	C:\Program Files\Java\jdk1.8.0_121\jre\bin\net.dll
0x00007ffa61570000 - 0x00007ffa615d7000 	C:\WINDOWS\system32\mswsock.dll
0x00007ffa612c0000 - 0x00007ffa6138a000 	C:\WINDOWS\SYSTEM32\DNSAPI.dll
0x00007ffa649b0000 - 0x00007ffa649b8000 	C:\WINDOWS\System32\NSI.dll
0x00007ffa61280000 - 0x00007ffa612ba000 	C:\WINDOWS\SYSTEM32\IPHLPAPI.DLL
0x00007ffa536d0000 - 0x00007ffa536da000 	C:\Windows\System32\rasadhlp.dll
0x00007ffa56f10000 - 0x00007ffa56f87000 	C:\WINDOWS\System32\fwpuclnt.dll
0x00007ffa62410000 - 0x00007ffa62436000 	C:\WINDOWS\System32\bcrypt.dll
0x0000000072d80000 - 0x0000000072d8d000 	C:\Program Files\Java\jdk1.8.0_121\jre\bin\management.dll
0x0000000072d10000 - 0x0000000072d21000 	C:\Program Files\Java\jdk1.8.0_121\jre\bin\nio.dll
0x00007ffa610e0000 - 0x00007ffa61113000 	C:\WINDOWS\system32\rsaenh.dll
0x00007ffa61c20000 - 0x00007ffa61c45000 	C:\WINDOWS\SYSTEM32\USERENV.dll
0x00007ffa61740000 - 0x00007ffa6174c000 	C:\WINDOWS\SYSTEM32\CRYPTBASE.dll
0x00007ffa57130000 - 0x00007ffa57146000 	C:\WINDOWS\SYSTEM32\dhcpcsvc6.DLL
0x00007ffa57110000 - 0x00007ffa5712c000 	C:\WINDOWS\SYSTEM32\dhcpcsvc.DLL
0x00007ffa4d360000 - 0x00007ffa4d376000 	C:\WINDOWS\system32\napinsp.dll
0x00007ffa4d340000 - 0x00007ffa4d35a000 	C:\WINDOWS\system32\pnrpnsp.dll
0x00007ffa4d320000 - 0x00007ffa4d32e000 	C:\WINDOWS\System32\winrnr.dll
0x00007ffa5d8f0000 - 0x00007ffa5d90c000 	C:\WINDOWS\system32\NLAapi.dll
0x00007ffa5cec0000 - 0x00007ffa5ced5000 	C:\WINDOWS\system32\wshbth.dll
0x0000000072380000 - 0x00000000723a4000 	C:\Program Files\Java\jdk1.8.0_121\jre\bin\sunec.dll

VM Arguments:
jvm_args: -XX:TieredStopAtLevel=1 -Xverify:none -Dspring.output.ansi.enabled=always -Dcom.sun.management.jmxremote -Dspring.jmx.enabled=true -Dspring.liveBeansView.mbeanDomain -Dspring.application.admin.enabled=true -javaagent:D:\intelljIdea\IntelliJ IDEA 2019.1.2\lib\idea_rt.jar=53857:D:\intelljIdea\IntelliJ IDEA 2019.1.2\bin -Dfile.encoding=UTF-8 
java_command: com.xuecheng.manage_cms_client.ManageCmsClientApplication
java_class_path (initial): C:\Program Files\Java\jdk1.8.0_121\jre\lib\charsets.jar;C:\Program Files\Java\jdk1.8.0_121\jre\lib\deploy.jar;C:\Program Files\Java\jdk1.8.0_121\jre\lib\ext\access-bridge-64.jar;C:\Program Files\Java\jdk1.8.0_121\jre\lib\ext\cldrdata.jar;C:\Program Files\Java\jdk1.8.0_121\jre\lib\ext\dnsns.jar;C:\Program Files\Java\jdk1.8.0_121\jre\lib\ext\jaccess.jar;C:\Program Files\Java\jdk1.8.0_121\jre\lib\ext\jfxrt.jar;C:\Program Files\Java\jdk1.8.0_121\jre\lib\ext\localedata.jar;C:\Program Files\Java\jdk1.8.0_121\jre\lib\ext\nashorn.jar;C:\Program Files\Java\jdk1.8.0_121\jre\lib\ext\sunec.jar;C:\Program Files\Java\jdk1.8.0_121\jre\lib\ext\sunjce_provider.jar;C:\Program Files\Java\jdk1.8.0_121\jre\lib\ext\sunmscapi.jar;C:\Program Files\Java\jdk1.8.0_121\jre\lib\ext\sunpkcs11.jar;C:\Program Files\Java\jdk1.8.0_121\jre\lib\ext\zipfs.jar;C:\Program Files\Java\jdk1.8.0_121\jre\lib\javaws.jar;C:\Program Files\Java\jdk1.8.0_121\jre\lib\jce.jar;C:\Program Files\Java\jdk1.8.0_121\jre\lib\jfr.jar;C:\Program Files\Java\jdk1.8.0_121\jre\lib\jfxswt.jar;C:\Program Files\Java\jdk1.8.0_121\jre\lib\jsse.jar;C:\Program Files\Java\jdk1.8.0_121\jre\lib\management-agent.jar;C:\Program Files\Java\jdk1.8.0_121\jre\lib\plugin.jar;C:\Program Files\Java\jdk1.8.0_121\jre\lib\resources.jar;C:\Program Files\Java\jdk1.8.0_121\jre\lib\rt.jar;D:\intell_workspace\XcEduCode01\xc-service-manage-cms-client\target\classes;D:\intell_workspace\XcEduCode01\xc-framework-model\target\classes;D:\intell_workspace\XcEduCode01\xc-framework-common\target\classes;D:\intell_workspace\XcEduCode01\xc-framework-utils\target\classes;D:\maven\repository\javax\servlet\javax.servlet-api\3.1.0\javax.servlet-api-3.1.0.jar;D:\maven\repository\org\springframework\boot\spring-boot-starter-logging\2.0.1.RELEASE\spring-boot-starter-logging-2.0.1.RELEASE.jar;D:\maven\repository\ch\qos\logback\logback-classic\1.2.3\logback-classic-1.2.3.jar;D:\maven\repository\ch\qos\logback\logback-core\1.2.3\logback-core-1.2.3
Launcher Type: SUN_STANDARD

Environment Variables:
PATH=D:\Program Files (x86)\NetSarang\xftp\;C:\ProgramData\Oracle\Java\javapath;C:\WINDOWS\system32;C:\WINDOWS;C:\WINDOWS\System32\Wbem;C:\WINDOWS\System32\WindowsPowerShell\v1.0\;C:\WINDOWS\System32\OpenSSH\;D:\Git\cmd;D:\sdk\platform-tools;;D:\mysql-8.0.16-winx64\bin;C:\Program Files\MySQL\MySQL Utilities 1.6\;D:\nodejs\;D:\Program Files\erl10.5\bin;D:\Program Files\VanDyke Software\SecureFX\;D:\Ruby25-x64\bin;D:\ffmpeg\ffmpeg-20180227-fa0c9d6-win64-static\bin;C:\Users\Lenovo\.windows-build-tools\python27\;D:\Ruby25-x64\bin;C:\Program Files\MySQL\MySQL Shell 8.0\bin\;C:\Users\Lenovo\AppData\Local\Microsoft\WindowsApps;D:\nodejs\node_global;D:\nodejs
USERNAME=Lenovo
OS=Windows_NT
PROCESSOR_IDENTIFIER=Intel64 Family 6 Model 61 Stepping 4, GenuineIntel



---------------  S Y S T E M  ---------------

OS: Windows 10.0 , 64 bit Build 18362 (10.0.18362.329)

CPU:total 4 (2 cores per cpu, 2 threads per core) family 6 model 61 stepping 4, cmov, cx8, fxsr, mmx, sse, sse2, sse3, ssse3, sse4.1, sse4.2, popcnt, avx, avx2, aes, clmul, erms, rtm, 3dnowpref, lzcnt, ht, tsc, tscinvbit, bmi1, bmi2, adx

Memory: 4k page, physical 8259992k(1700828k free), swap 16042892k(0k free)

vm_info: Java HotSpot(TM) 64-Bit Server VM (25.121-b13) for windows-amd64 JRE (1.8.0_121-b13), built on Dec 12 2016 18:21:36 by "java_re" with MS VC++ 10.0 (VS2010)

time: Mon Feb 03 14:51:26 2020
elapsed time: 16 seconds (0d 0h 0m 16s)

